proguard/seeds.txt
com.example.stridecalculation.BackgroundService
com.example.stridecalculation.BackgroundService: BackgroundService()
com.example.stridecalculation.HistoryActivity
com.example.stridecalculation.HistoryActivity: HistoryActivity()
com.example.stridecalculation.MainActivity
com.example.stridecalculation.MainActivity: MainActivity()
com.example.stridecalculation.NoteActivity
com.example.stridecalculation.NoteActivity: NoteActivity()
com.example.stridecalculation.R$array: int pref_example_list_titles
com.example.stridecalculation.R$array: int pref_example_list_values
com.example.stridecalculation.R$array: int pref_sync_frequency_titles
com.example.stridecalculation.R$array: int pref_sync_frequency_values
com.example.stridecalculation.R$color: int myColor1
com.example.stridecalculation.R$color: int myColor2
com.example.stridecalculation.R$color: int myColor3
com.example.stridecalculation.R$color: int myColor4
com.example.stridecalculation.R$color: int myColor5
com.example.stridecalculation.R$color: int myColor6
com.example.stridecalculation.R$color: int myColor7
com.example.stridecalculation.R$dimen: int activity_horizontal_margin
com.example.stridecalculation.R$dimen: int activity_vertical_margin
com.example.stridecalculation.R$drawable: int background
com.example.stridecalculation.R$drawable: int background_book
com.example.stridecalculation.R$drawable: int ball2
com.example.stridecalculation.R$drawable: int bg_button0
com.example.stridecalculation.R$drawable: int bg_button1
com.example.stridecalculation.R$drawable: int bg_button2
com.example.stridecalculation.R$drawable: int bg_button_back
com.example.stridecalculation.R$drawable: int bg_button_default0
com.example.stridecalculation.R$drawable: int bg_button_default1
com.example.stridecalculation.R$drawable: int bg_button_default2
com.example.stridecalculation.R$drawable: int bg_button_menu
com.example.stridecalculation.R$drawable: int bg_button_pressed0
com.example.stridecalculation.R$drawable: int bg_button_pressed1
com.example.stridecalculation.R$drawable: int bg_button_pressed2
com.example.stridecalculation.R$drawable: int bg_button_selected0
com.example.stridecalculation.R$drawable: int bg_button_selected1
com.example.stridecalculation.R$drawable: int bg_button_selected2
com.example.stridecalculation.R$drawable: int bg_setting_items1
com.example.stridecalculation.R$drawable: int bg_setting_items2
com.example.stridecalculation.R$drawable: int clock
com.example.stridecalculation.R$drawable: int continue_bn_style
com.example.stridecalculation.R$drawable: int ic_launcher
com.example.stridecalculation.R$drawable: int ic_menu_favorite
com.example.stridecalculation.R$drawable: int ic_menu_help