proguard/mapping.txt
android.support.v4.widget.SlidingPaneLayout$LayoutParams -> android.support.v4.widget.SlidingPaneLayout$LayoutParams:
    int[] ATTRS -> ATTRS
    float weight -> weight
    boolean slideable -> slideable
    boolean dimWhenOffset -> dimWhenOffset
    android.graphics.Paint dimPaint -> dimPaint
android.support.v4.widget.SlidingPaneLayout$PanelSlideListener -> android.support.v4.widget.SlidingPaneLayout$PanelSlideListener:
    void onPanelSlide(android.view.View,float) -> onPanelSlide
    void onPanelOpened(android.view.View) -> onPanelOpened
    void onPanelClosed(android.view.View) -> onPanelClosed
android.support.v4.widget.SlidingPaneLayout$SavedState -> android.support.v4.widget.SlidingPaneLayout$SavedState:
    boolean isOpen -> isOpen
    android.os.Parcelable$Creator CREATOR -> CREATOR
    void writeToParcel(android.os.Parcel,int) -> writeToParcel
android.support.v4.widget.SlidingPaneLayout$SavedState$1 -> android.support.v4.widget.SlidingPaneLayout$SavedState$1:
    android.support.v4.widget.SlidingPaneLayout$SavedState createFromParcel(android.os.Parcel) -> createFromParcel
    android.support.v4.widget.SlidingPaneLayout$SavedState[] newArray(int) -> newArray
    java.lang.Object[] newArray(int) -> newArray
    java.lang.Object createFromParcel(android.os.Parcel) -> createFromParcel
android.support.v4.widget.SlidingPaneLayout$SimplePanelSlideListener -> android.support.v4.widget.SlidingPaneLayout$SimplePanelSlideListener:
    void onPanelSlide(android.view.View,float) -> onPanelSlide
    void onPanelOpened(android.view.View) -> onPanelOpened
    void onPanelClosed(android.view.View) -> onPanelClosed
android.support.v4.widget.SlidingPaneLayout$SlidingPanelLayoutImpl -> android.support.v4.widget.SlidingPaneLayout$SlidingPanelLayoutImpl:
    void invalidateChildRegion(android.support.v4.widget.SlidingPaneLayout,android.view.View) -> invalidateChildRegion
android.support.v4.widget.SlidingPaneLayout$SlidingPanelLayoutImplBase -> android.support.v4.widget.SlidingPaneLayout$SlidingPanelLayoutImplBase:
    void invalidateChildRegion(android.support.v4.widget.SlidingPaneLayout,android.view.View) -> invalidateChildRegion
android.support.v4.widget.SlidingPaneLayout$SlidingPanelLayoutImplJB -> android.support.v4.widget.SlidingPaneLayout$SlidingPanelLayoutImplJB:
    java.lang.reflect.Method mGetDisplayList -> mGetDisplayList
    java.lang.reflect.Field mRecreateDisplayList -> mRecreateDisplayList
    void invalidateChildRegion(android.support.v4.widget.SlidingPaneLayout,android.view.View) -> invalidateChildRegion
android.support.v4.widget.SlidingPaneLayout$SlidingPanelLayoutImplJBMR1 -> android.support.v4.widget.SlidingPaneLayout$SlidingPanelLayoutImplJBMR1:
    void invalidateChildRegion(android.support.v4.widget.SlidingPaneLayout,android.view.View) -> invalidateChildRegion