proguard/usage.txt
com.example.stridecalculation.BackgroundService$DatabaseHelper:
    private static final java.lang.String DB_NAME
    private static final int version
com.example.stridecalculation.BuildConfig
com.example.stridecalculation.HistoryActivity$DatabaseHelper:
    private static final java.lang.String DB_NAME
    private static final int version
com.example.stridecalculation.MainActivity:
    public static final int FLAG_HOMEKEY_DISPATCHED
com.example.stridecalculation.MainActivity$DatabaseHelper:
    private static final java.lang.String DB_NAME
    private static final int version
com.example.stridecalculation.R
com.example.stridecalculation.R$array
com.example.stridecalculation.R$attr
com.example.stridecalculation.R$color
com.example.stridecalculation.R$dimen
com.example.stridecalculation.R$drawable
com.example.stridecalculation.R$id
com.example.stridecalculation.R$layout
com.example.stridecalculation.R$menu
com.example.stridecalculation.R$string
com.example.stridecalculation.R$style
com.example.stridecalculation.R$xml
com.example.stridecalculation.SettingActivity$DatabaseHelper:
    private static final java.lang.String DB_NAME
    private static final int version
com.example.stridecalculation.WalkRecord:
    243:244:public void setDateToday(java.lang.String)
    257:258:public void setPath(int)
    271:272:public void setActiveTime(long)
    285:286:public void setDistance(int)
    299:300:public void setCalorie(int)
com.tencent.mid.api.MidConstants
com.tencent.mid.api.MidEntity:
    public static final java.lang.String TAG_MID
    public static final java.lang.String TAG_IMEI
    public static final java.lang.String TAG_MAC
    public static final java.lang.String TAG_TIMESTAMPS
    public long getTimestamps()
    public java.lang.String getImei()
    public java.lang.String getMac()
com.tencent.mid.api.MidService:
    private static boolean a(android.content.Context,com.tencent.mid.api.MidCallback)
    public static void requestMid(android.content.Context,com.tencent.mid.api.MidCallback)
    private static void b(android.content.Context,com.tencent.mid.api.MidCallback)
    public static void enableDebug(boolean)
com.tencent.mid.api.a
com.tencent.mid.b.c:
    protected void c()
com.tencent.mid.b.d:
    protected void c()
com.tencent.mid.b.e:
    protected void c()
com.tencent.mid.b.f:
    void i()
    protected abstract void c()
com.tencent.mid.b.g:
    public void c()
com.tencent.mid.util.Util:
    public Util()
    public static java.lang.String bytesToString(byte[])
    public static byte[] StringToBytes(java.lang.String)
    public static void clear(android.content.Context)
    public static java.lang.String md5(java.lang.String)
    public static org.apache.http.HttpHost getHttpProxy()
    public static java.lang.String getSimOperator(android.content.Context)
    public static java.lang.String getDeviceModel()
    public static java.lang.Integer getTelephonyNetworkType(android.content.Context)
    public static java.lang.String getExternalStorageInfo(android.content.Context)
    public static android.util.DisplayMetrics getDisplayMetrics(android.content.Context)
    public static java.lang.String getLinkedWay(android.content.Context)
com.tencent.stat.EasyActivity
com.tencent.stat.EasyListActivity
com.tencent.stat.MtaSDkException
com.tencent.stat.NetworkMonitor:
    public long getMillisecondsConsume()
    public int getStatusCode()
    public java.lang.String getDomain()
    public int getPort()
    public java.lang.String getRemoteIp()
com.tencent.stat.StatAccount
com.tencent.stat.StatAppMonitor